# JRE version: OpenJDK Runtime Environment (11.0.11+9) (build 11.0.11+9-b60-7590822)
# Java VM: OpenJDK 64-Bit Server VM (11.0.11+9-b60-7590822, mixed mode, tiered, compressed oops, g1 gc, windows-amd64)
Heap:
 garbage-first heap   total 227328K, used 140490K [0x0000000080000000, 0x0000000100000000)
  region size 1024K, 28 young (28672K), 2 survivors (2048K)
 Metaspace       used 117211K, capacity 120480K, committed 120656K, reserved 1153024K
  class space    used 15211K, capacity 16496K, committed 16512K, reserved 1048576K
GC Heap History (20 events):
Event: 33.852 GC heap before
{Heap before GC invocations=34 (full 0):
 garbage-first heap   total 157696K, used 82769K [0x0000000080000000, 0x0000000100000000)
  region size 1024K, 7 young (7168K), 4 survivors (4096K)
 Metaspace       used 88313K, capacity 90353K, committed 90448K, reserved 1128448K
  class space    used 11366K, capacity 12151K, committed 12160K, reserved 1048576K
}
Event: 33.859 GC heap after
{Heap after GC invocations=35 (full 0):
 garbage-first heap   total 157696K, used 79149K [0x0000000080000000, 0x0000000100000000)
  region size 1024K, 1 young (1024K), 1 survivors (1024K)
 Metaspace       used 88313K, capacity 90353K, committed 90448K, reserved 1128448K
  class space    used 11366K, capacity 12151K, committed 12160K, reserved 1048576K
}
Event: 34.545 GC heap before
{Heap before GC invocations=35 (full 0):
 garbage-first heap   total 157696K, used 112941K [0x0000000080000000, 0x0000000100000000)
  region size 1024K, 35 young (35840K), 1 survivors (1024K)
 Metaspace       used 90122K, capacity 92192K, committed 92240K, reserved 1128448K
  class space    used 11577K, capacity 12379K, committed 12416K, reserved 1048576K
}
Event: 34.552 GC heap after
{Heap after GC invocations=36 (full 0):
 garbage-first heap   total 157696K, used 80578K [0x0000000080000000, 0x0000000100000000)
  region size 1024K, 3 young (3072K), 3 survivors (3072K)
 Metaspace       used 90122K, capacity 92192K, committed 92240K, reserved 1128448K
  class space    used 11577K, capacity 12379K, committed 12416K, reserved 1048576K
}
Event: 39.395 GC heap before
{Heap before GC invocations=37 (full 0):
 garbage-first heap   total 157696K, used 115394K [0x0000000080000000, 0x0000000100000000)
  region size 1024K, 38 young (38912K), 3 survivors (3072K)
 Metaspace       used 91014K, capacity 93105K, committed 93392K, reserved 1130496K
  class space    used 11661K, capacity 12492K, committed 12544K, reserved 1048576K
}
Event: 39.410 GC heap after
{Heap after GC invocations=38 (full 0):
 garbage-first heap   total 189440K, used 86129K [0x0000000080000000, 0x0000000100000000)
  region size 1024K, 5 young (5120K), 5 survivors (5120K)
 Metaspace       used 91014K, capacity 93105K, committed 93392K, reserved 1130496K
  class space    used 11661K, capacity 12492K, committed 12544K, reserved 1048576K
}
Event: 39.457 GC heap before
{Heap before GC invocations=38 (full 0):
 garbage-first heap   total 189440K, used 90225K [0x0000000080000000, 0x0000000100000000)
  region size 1024K, 9 young (9216K), 5 survivors (5120K)
 Metaspace       used 91082K, capacity 93169K, committed 93392K, reserved 1130496K
  class space    used 11662K, capacity 12492K, committed 12544K, reserved 1048576K
}
Event: 39.467 GC heap after
{Heap after GC invocations=39 (full 0):
 garbage-first heap   total 189440K, used 87126K [0x0000000080000000, 0x0000000100000000)
  region size 1024K, 1 young (1024K), 1 survivors (1024K)
 Metaspace       used 91082K, capacity 93169K, committed 93392K, reserved 1130496K
  class space    used 11662K, capacity 12492K, committed 12544K, reserved 1048576K
}
Event: 40.323 GC heap before
{Heap before GC invocations=39 (full 0):
 garbage-first heap   total 189440K, used 133206K [0x0000000080000000, 0x0000000100000000)
  region size 1024K, 47 young (48128K), 1 survivors (1024K)
 Metaspace       used 92695K, capacity 94857K, committed 95056K, reserved 1132544K
  class space    used 11846K, capacity 12672K, committed 12672K, reserved 1048576K
}
Event: 40.339 GC heap after
{Heap after GC invocations=40 (full 0):
 garbage-first heap   total 189440K, used 89590K [0x0000000080000000, 0x0000000100000000)
  region size 1024K, 4 young (4096K), 4 survivors (4096K)
 Metaspace       used 92695K, capacity 94857K, committed 95056K, reserved 1132544K
  class space    used 11846K, capacity 12672K, committed 12672K, reserved 1048576K
}
Event: 42.411 GC heap before
{Heap before GC invocations=41 (full 0):
 garbage-first heap   total 189440K, used 139766K [0x0000000080000000, 0x0000000100000000)
  region size 1024K, 52 young (53248K), 4 survivors (4096K)
 Metaspace       used 99038K, capacity 101402K, committed 101584K, reserved 1136640K
  class space    used 12643K, capacity 13510K, committed 13568K, reserved 1048576K
}
Event: 42.448 GC heap after
{Heap after GC invocations=42 (full 0):
 garbage-first heap   total 189440K, used 99144K [0x0000000080000000, 0x0000000100000000)
  region size 1024K, 7 young (7168K), 7 survivors (7168K)
 Metaspace       used 99038K, capacity 101402K, committed 101584K, reserved 1136640K
  class space    used 12643K, capacity 13510K, committed 13568K, reserved 1048576K
}
Event: 42.548 GC heap before
{Heap before GC invocations=42 (full 0):
 garbage-first heap   total 189440K, used 101192K [0x0000000080000000, 0x0000000100000000)
  region size 1024K, 9 young (9216K), 7 survivors (7168K)
 Metaspace       used 99312K, capacity 101713K, committed 101840K, reserved 1138688K
  class space    used 12666K, capacity 13549K, committed 13568K, reserved 1048576K
}
Event: 42.566 GC heap after
{Heap after GC invocations=43 (full 0):
 garbage-first heap   total 189440K, used 99324K [0x0000000080000000, 0x0000000100000000)
  region size 1024K, 1 young (1024K), 1 survivors (1024K)
 Metaspace       used 99312K, capacity 101713K, committed 101840K, reserved 1138688K
  class space    used 12666K, capacity 13549K, committed 13568K, reserved 1048576K
}
Event: 43.937 GC heap before
{Heap before GC invocations=43 (full 0):
 garbage-first heap   total 189440K, used 144380K [0x0000000080000000, 0x0000000100000000)
  region size 1024K, 44 young (45056K), 1 survivors (1024K)
 Metaspace       used 103764K, capacity 106252K, committed 106320K, reserved 1140736K
  class space    used 13239K, capacity 14179K, committed 14208K, reserved 1048576K
}
Event: 43.948 GC heap after
{Heap after GC invocations=44 (full 0):
 garbage-first heap   total 227328K, used 101712K [0x0000000080000000, 0x0000000100000000)
  region size 1024K, 4 young (4096K), 4 survivors (4096K)
 Metaspace       used 103764K, capacity 106252K, committed 106320K, reserved 1140736K
  class space    used 13239K, capacity 14179K, committed 14208K, reserved 1048576K
}
Event: 45.752 GC heap before
{Heap before GC invocations=44 (full 0):
 garbage-first heap   total 227328K, used 164176K [0x0000000080000000, 0x0000000100000000)
  region size 1024K, 66 young (67584K), 4 survivors (4096K)
 Metaspace       used 111746K, capacity 114842K, committed 115024K, reserved 1148928K
  class space    used 14447K, capacity 15651K, committed 15744K, reserved 1048576K
}
Event: 45.772 GC heap after
{Heap after GC invocations=45 (full 0):
 garbage-first heap   total 227328K, used 109221K [0x0000000080000000, 0x0000000100000000)
  region size 1024K, 9 young (9216K), 9 survivors (9216K)
 Metaspace       used 111746K, capacity 114842K, committed 115024K, reserved 1148928K
  class space    used 14447K, capacity 15651K, committed 15744K, reserved 1048576K
}
Event: 47.532 GC heap before
{Heap before GC invocations=45 (full 0):
 garbage-first heap   total 227328K, used 171685K [0x0000000080000000, 0x0000000100000000)
  region size 1024K, 69 young (70656K), 9 survivors (9216K)
 Metaspace       used 115545K, capacity 118756K, committed 118864K, reserved 1153024K
  class space    used 14968K, capacity 16249K, committed 16256K, reserved 1048576K
}
Event: 47.548 GC heap after
{Heap after GC invocations=46 (full 0):
 garbage-first heap   total 227328K, used 107722K [0x0000000080000000, 0x0000000100000000)
  region size 1024K, 2 young (2048K), 2 survivors (2048K)
 Metaspace       used 115545K, capacity 118756K, committed 118864K, reserved 1153024K
  class space    used 14968K, capacity 16249K, committed 16256K, reserved 1048576K
}

